Release 14.7 - xst P.20131013 (nt64)
Copyright (c) 1995-2013 Xilinx, Inc.  All rights reserved.
--> Parameter TMPDIR set to xst/projnav.tmp


Total REAL time to Xst completion: 0.00 secs
Total CPU time to Xst completion: 0.19 secs
 
--> Parameter xsthdpdir set to xst


Total REAL time to Xst completion: 0.00 secs
Total CPU time to Xst completion: 0.19 secs
 
--> Reading design: StruktAutD.prj

TABLE OF CONTENTS
  1) Synthesis Options Summary
  2) HDL Compilation
  3) Design Hierarchy Analysis
  4) HDL Analysis
  5) HDL Synthesis
     5.1) HDL Synthesis Report
  6) Advanced HDL Synthesis
     6.1) Advanced HDL Synthesis Report
  7) Low Level Synthesis
  8) Partition Report
  9) Final Report
	9.1) Device utilization summary
	9.2) Partition Resource Summary
	9.3) TIMING REPORT


=========================================================================
*                      Synthesis Options Summary                        *
=========================================================================
---- Source Parameters
Input File Name                    : "StruktAutD.prj"
Input Format                       : mixed
Ignore Synthesis Constraint File   : NO

---- Target Parameters
Output File Name                   : "StruktAutD"
Output Format                      : NGC
Target Device                      : xc3s100e-5-cp132

---- Source Options
Top Module Name                    : StruktAutD
Automatic FSM Extraction           : YES
FSM Encoding Algorithm             : Auto
Safe Implementation                : No
FSM Style                          : LUT
RAM Extraction                     : Yes
RAM Style                          : Auto
ROM Extraction                     : Yes
Mux Style                          : Auto
Decoder Extraction                 : YES
Priority Encoder Extraction        : Yes
Shift Register Extraction          : YES
Logical Shifter Extraction         : YES
XOR Collapsing                     : YES
ROM Style                          : Auto
Mux Extraction                     : Yes
Resource Sharing                   : YES
Asynchronous To Synchronous        : NO
Multiplier Style                   : Auto
Automatic Register Balancing       : No

---- Target Options
Add IO Buffers                     : YES
Global Maximum Fanout              : 100000
Add Generic Clock Buffer(BUFG)     : 24
Register Duplication               : YES
Slice Packing                      : YES
Optimize Instantiated Primitives   : NO
Use Clock Enable                   : Yes
Use Synchronous Set                : Yes
Use Synchronous Reset              : Yes
Pack IO Registers into IOBs        : Auto
Equivalent register Removal        : YES

---- General Options
Optimization Goal                  : Speed
Optimization Effort                : 1
Keep Hierarchy                     : No
Netlist Hierarchy                  : As_Optimized
RTL Output                         : Yes
Global Optimization                : AllClockNets
Read Cores                         : YES
Write Timing Constraints           : NO
Cross Clock Analysis               : NO
Hierarchy Separator                : /
Bus Delimiter                      : <>
Case Specifier                     : Maintain
Slice Utilization Ratio            : 100
BRAM Utilization Ratio             : 100
Verilog 2001                       : YES
Auto BRAM Packing                  : NO
Slice Utilization Ratio Delta      : 5

=========================================================================


=========================================================================
*                          HDL Compilation                              *
=========================================================================
Compiling vhdl file "D:/Digit 2/Szimulacio/Simulare/Dport1/Dport/Orajel.vhd" in Library work.
Architecture behavioral of Entity orajel is up to date.
Compiling vhdl file "D:/Digit 2/Szimulacio/Simulare/Dport1/Dport/Logika.vhd" in Library work.
Entity <logika> compiled.
Entity <logika> (Architecture <behavioral>) compiled.
Compiling vhdl file "D:/Digit 2/Szimulacio/Simulare/Dport1/Dport/dekodolo.vhd" in Library work.
Architecture behavioral of Entity dekodolo is up to date.
Compiling vhdl file "D:/Digit 2/Szimulacio/Simulare/Dport1/Dport/Dtarolo.vhd" in Library work.
Architecture behavioral of Entity dtarolo is up to date.
Compiling vhdl file "D:/Digit 2/DigitLabgyak/Dpot/StruktAutD.vhd" in Library work.
Architecture behavioral of Entity struktautd is up to date.

=========================================================================
*                     Design Hierarchy Analysis                         *
=========================================================================
Analyzing hierarchy for entity <StruktAutD> in library <work> (architecture <behavioral>).

Analyzing hierarchy for entity <Orajel> in library <work> (architecture <behavioral>).

Analyzing hierarchy for entity <logika> in library <work> (architecture <behavioral>).

Analyzing hierarchy for entity <dekodolo> in library <work> (architecture <behavioral>).

Analyzing hierarchy for entity <Dtarolo> in library <work> (architecture <behavioral>).


=========================================================================
*                            HDL Analysis                               *
=========================================================================
Analyzing Entity <StruktAutD> in library <work> (Architecture <behavioral>).
Entity <StruktAutD> analyzed. Unit <StruktAutD> generated.

Analyzing Entity <Orajel> in library <work> (Architecture <behavioral>).
Entity <Orajel> analyzed. Unit <Orajel> generated.

Analyzing Entity <logika> in library <work> (Architecture <behavioral>).
Entity <logika> analyzed. Unit <logika> generated.

Analyzing Entity <dekodolo> in library <work> (Architecture <behavioral>).
INFO:Xst:1561 - "D:/Digit 2/Szimulacio/Simulare/Dport1/Dport/dekodolo.vhd" line 69: Mux is complete : default of case is discarded
Entity <dekodolo> analyzed. Unit <dekodolo> generated.

Analyzing Entity <Dtarolo> in library <work> (Architecture <behavioral>).
Entity <Dtarolo> analyzed. Unit <Dtarolo> generated.


=========================================================================
*                           HDL Synthesis                               *
=========================================================================

Performing bidirectional port resolution...

Synthesizing Unit <Orajel>.
    Related source file is "D:/Digit 2/Szimulacio/Simulare/Dport1/Dport/Orajel.vhd".
    Found 1-bit register for signal <clk_bit>.
    Found 25-bit up counter for signal <clk_cnt>.
    Summary:
	inferred   1 Counter(s).
	inferred   1 D-type flip-flop(s).
Unit <Orajel> synthesized.


Synthesizing Unit <logika>.
    Related source file is "D:/Digit 2/Szimulacio/Simulare/Dport1/Dport/Logika.vhd".
Unit <logika> synthesized.


Synthesizing Unit <dekodolo>.
    Related source file is "D:/Digit 2/Szimulacio/Simulare/Dport1/Dport/dekodolo.vhd".
    Found 16x8-bit ROM for signal <szegmensek>.
    Summary:
	inferred   1 ROM(s).
Unit <dekodolo> synthesized.


Synthesizing Unit <Dtarolo>.
    Related source file is "D:/Digit 2/Szimulacio/Simulare/Dport1/Dport/Dtarolo.vhd".
    Found 1-bit register for signal <Q>.
    Summary:
	inferred   1 D-type flip-flop(s).
Unit <Dtarolo> synthesized.


Synthesizing Unit <StruktAutD>.
    Related source file is "D:/Digit 2/DigitLabgyak/Dpot/StruktAutD.vhd".
Unit <StruktAutD> synthesized.


=========================================================================
HDL Synthesis Report

Macro Statistics
# ROMs                                                 : 1
 16x8-bit ROM                                          : 1
# Counters                                             : 1
 25-bit up counter                                     : 1
# Registers                                            : 4
 1-bit register                                        : 4

=========================================================================

=========================================================================
*                       Advanced HDL Synthesis                          *
=========================================================================


=========================================================================
Advanced HDL Synthesis Report

Macro Statistics
# ROMs                                                 : 1
 16x8-bit ROM                                          : 1
# Counters                                             : 1
 25-bit up counter                                     : 1
# Registers                                            : 4
 Flip-Flops                                            : 4

=========================================================================

=========================================================================
*                         Low Level Synthesis                           *
=========================================================================

Optimizing unit <StruktAutD> ...

Mapping all equations...
Building and optimizing final netlist ...
Found area constraint ratio of 100 (+ 5) on block StruktAutD, actual ratio is 2.

Final Macro Processing ...

=========================================================================
Final Register Report

Macro Statistics
# Registers                                            : 29
 Flip-Flops                                            : 29

=========================================================================

=========================================================================
*                           Partition Report                            *
=========================================================================

Partition Implementation Status
-------------------------------

  No Partitions were found in this design.

-------------------------------

=========================================================================
*                            Final Report                               *
=========================================================================
Final Results
RTL Top Level Output File Name     : StruktAutD.ngr
Top Level Output File Name         : StruktAutD
Output Format                      : NGC
Optimization Goal                  : Speed
Keep Hierarchy                     : No

Design Statistics
# IOs                              : 11

Cell Usage :
# BELS                             : 106
#      GND                         : 1
#      INV                         : 3
#      LUT1                        : 24
#      LUT3                        : 9
#      LUT3_L                      : 1
#      LUT4                        : 9
#      MUXCY                       : 31
#      MUXF5                       : 2
#      VCC                         : 1
#      XORCY                       : 25
# FlipFlops/Latches                : 29
#      FD                          : 3
#      FDE                         : 1
#      FDR                         : 25
# Clock Buffers                    : 1
#      BUFGP                       : 1
# IO Buffers                       : 10
#      IBUF                        : 2
#      OBUF                        : 8
=========================================================================

Device utilization summary:
---------------------------

Selected Device : 3s100ecp132-5 

 Number of Slices:                       24  out of    960     2%  
 Number of Slice Flip Flops:             29  out of   1920     1%  
 Number of 4 input LUTs:                 46  out of   1920     2%  
 Number of IOs:                          11
 Number of bonded IOBs:                  11  out of     83    13%  
 Number of GCLKs:                         1  out of     24     4%  

---------------------------
Partition Resource Summary:
---------------------------

  No Partitions were found in this design.

---------------------------


=========================================================================
TIMING REPORT

NOTE: THESE TIMING NUMBERS ARE ONLY A SYNTHESIS ESTIMATE.
      FOR ACCURATE TIMING INFORMATION PLEASE REFER TO THE TRACE REPORT
      GENERATED AFTER PLACE-and-ROUTE.

Clock Information:
------------------
-----------------------------------+------------------------+-------+
Clock Signal                       | Clock buffer(FF name)  | Load  |
-----------------------------------+------------------------+-------+
MCLK                               | BUFGP                  | 26    |
U1/clk_bit                         | NONE(U6/Q)             | 3     |
-----------------------------------+------------------------+-------+
INFO:Xst:2169 - HDL ADVISOR - Some clock signals were not automatically buffered by XST with BUFG/BUFR resources. Please use the buffer_type constraint in order to insert these buffers to the clock signals to help prevent skew problems.

Asynchronous Control Signals Information:
----------------------------------------
No asynchronous control signals found in this design

Timing Summary:
---------------
Speed Grade: -5

   Minimum period: 4.423ns (Maximum Frequency: 226.105MHz)
   Minimum input arrival time before clock: 3.335ns
   Maximum output required time after clock: 5.640ns
   Maximum combinational path delay: No path found

Timing Detail:
--------------
All values displayed in nanoseconds (ns)

=========================================================================
Timing constraint: Default period analysis for Clock 'MCLK'
  Clock period: 4.423ns (frequency: 226.105MHz)
  Total number of paths / destination ports: 976 / 52
-------------------------------------------------------------------------
Delay:               4.423ns (Levels of Logic = 7)
  Source:            U1/clk_cnt_9 (FF)
  Destination:       U1/clk_cnt_0 (FF)
  Source Clock:      MCLK rising
  Destination Clock: MCLK rising

  Data Path: U1/clk_cnt_9 to U1/clk_cnt_0
                                Gate     Net
    Cell:in->out      fanout   Delay   Delay  Logical Name (Net Name)
    ----------------------------------------  ------------
     FDR:C->Q              2   0.514   0.532  U1/clk_cnt_9 (U1/clk_cnt_9)
     LUT4:I0->O            1   0.612   0.000  U1/clk_bit_cmp_eq0000_wg_lut<1> (U1/clk_bit_cmp_eq0000_wg_lut<1>)
     MUXCY:S->O            1   0.404   0.000  U1/clk_bit_cmp_eq0000_wg_cy<1> (U1/clk_bit_cmp_eq0000_wg_cy<1>)
     MUXCY:CI->O           1   0.052   0.000  U1/clk_bit_cmp_eq0000_wg_cy<2> (U1/clk_bit_cmp_eq0000_wg_cy<2>)
     MUXCY:CI->O           1   0.052   0.000  U1/clk_bit_cmp_eq0000_wg_cy<3> (U1/clk_bit_cmp_eq0000_wg_cy<3>)
     MUXCY:CI->O           1   0.052   0.000  U1/clk_bit_cmp_eq0000_wg_cy<4> (U1/clk_bit_cmp_eq0000_wg_cy<4>)
     MUXCY:CI->O           1   0.052   0.000  U1/clk_bit_cmp_eq0000_wg_cy<5> (U1/clk_bit_cmp_eq0000_wg_cy<5>)
     MUXCY:CI->O          26   0.289   1.071  U1/clk_bit_cmp_eq0000_wg_cy<6> (U1/clk_bit_cmp_eq0000)
     FDR:R                     0.795          U1/clk_cnt_0
    ----------------------------------------
    Total                      4.423ns (2.820ns logic, 1.603ns route)
                                       (63.8% logic, 36.2% route)

=========================================================================
Timing constraint: Default period analysis for Clock 'U1/clk_bit'
  Clock period: 3.124ns (frequency: 320.149MHz)
  Total number of paths / destination ports: 14 / 3
-------------------------------------------------------------------------
Delay:               3.124ns (Levels of Logic = 2)
  Source:            U5/Q (FF)
  Destination:       U4/Q (FF)
  Source Clock:      U1/clk_bit rising
  Destination Clock: U1/clk_bit rising

  Data Path: U5/Q to U4/Q
                                Gate     Net
    Cell:in->out      fanout   Delay   Delay  Logical Name (Net Name)
    ----------------------------------------  ------------
     FD:C->Q              13   0.514   0.988  U5/Q (U5/Q)
     LUT3_L:I0->LO         1   0.612   0.130  U2/D0_SW0 (N6)
     LUT4:I2->O            1   0.612   0.000  U2/D0 (D0)
     FD:D                      0.268          U4/Q
    ----------------------------------------
    Total                      3.124ns (2.006ns logic, 1.118ns route)
                                       (64.2% logic, 35.8% route)

=========================================================================
Timing constraint: Default OFFSET IN BEFORE for Clock 'U1/clk_bit'
  Total number of paths / destination ports: 8 / 3
-------------------------------------------------------------------------
Offset:              3.335ns (Levels of Logic = 3)
  Source:            a (PAD)
  Destination:       U4/Q (FF)
  Destination Clock: U1/clk_bit rising

  Data Path: a to U4/Q
                                Gate     Net
    Cell:in->out      fanout   Delay   Delay  Logical Name (Net Name)
    ----------------------------------------  ------------
     IBUF:I->O             5   1.106   0.607  a_IBUF (a_IBUF)
     LUT3_L:I1->LO         1   0.612   0.130  U2/D0_SW0 (N6)
     LUT4:I2->O            1   0.612   0.000  U2/D0 (D0)
     FD:D                      0.268          U4/Q
    ----------------------------------------
    Total                      3.335ns (2.598ns logic, 0.737ns route)
                                       (77.9% logic, 22.1% route)

=========================================================================
Timing constraint: Default OFFSET OUT AFTER for Clock 'U1/clk_bit'
  Total number of paths / destination ports: 21 / 7
-------------------------------------------------------------------------
Offset:              5.640ns (Levels of Logic = 2)
  Source:            U5/Q (FF)
  Destination:       szegmensek<0> (PAD)
  Source Clock:      U1/clk_bit rising

  Data Path: U5/Q to szegmensek<0>
                                Gate     Net
    Cell:in->out      fanout   Delay   Delay  Logical Name (Net Name)
    ----------------------------------------  ------------
     FD:C->Q              13   0.514   0.988  U5/Q (U5/Q)
     LUT3:I0->O            1   0.612   0.357  U3/Mrom_szegmensek11 (szegmensek_0_OBUF)
     OBUF:I->O                 3.169          szegmensek_0_OBUF (szegmensek<0>)
    ----------------------------------------
    Total                      5.640ns (4.295ns logic, 1.345ns route)
                                       (76.2% logic, 23.8% route)

=========================================================================


Total REAL time to Xst completion: 6.00 secs
Total CPU time to Xst completion: 6.06 secs
 
--> 

Total memory usage is 4534448 kilobytes

Number of errors   :    0 (   0 filtered)
Number of warnings :    0 (   0 filtered)
Number of infos    :    2 (   0 filtered)

