Release 14.7 - xst P.20131013 (nt64)
Copyright (c) 1995-2013 Xilinx, Inc.  All rights reserved.
--> Parameter TMPDIR set to xst/projnav.tmp


Total REAL time to Xst completion: 0.00 secs
Total CPU time to Xst completion: 0.17 secs
 
--> Parameter xsthdpdir set to xst


Total REAL time to Xst completion: 0.00 secs
Total CPU time to Xst completion: 0.17 secs
 
--> Reading design: JKszamlalo.prj

TABLE OF CONTENTS
  1) Synthesis Options Summary
  2) HDL Compilation
  3) Design Hierarchy Analysis
  4) HDL Analysis
  5) HDL Synthesis
     5.1) HDL Synthesis Report
  6) Advanced HDL Synthesis
     6.1) Advanced HDL Synthesis Report
  7) Low Level Synthesis
  8) Partition Report
  9) Final Report
	9.1) Device utilization summary
	9.2) Partition Resource Summary
	9.3) TIMING REPORT


=========================================================================
*                      Synthesis Options Summary                        *
=========================================================================
---- Source Parameters
Input File Name                    : "JKszamlalo.prj"
Input Format                       : mixed
Ignore Synthesis Constraint File   : NO

---- Target Parameters
Output File Name                   : "JKszamlalo"
Output Format                      : NGC
Target Device                      : xc3s100e-5-cp132

---- Source Options
Top Module Name                    : JKszamlalo
Automatic FSM Extraction           : YES
FSM Encoding Algorithm             : Auto
Safe Implementation                : No
FSM Style                          : LUT
RAM Extraction                     : Yes
RAM Style                          : Auto
ROM Extraction                     : Yes
Mux Style                          : Auto
Decoder Extraction                 : YES
Priority Encoder Extraction        : Yes
Shift Register Extraction          : YES
Logical Shifter Extraction         : YES
XOR Collapsing                     : YES
ROM Style                          : Auto
Mux Extraction                     : Yes
Resource Sharing                   : YES
Asynchronous To Synchronous        : NO
Multiplier Style                   : Auto
Automatic Register Balancing       : No

---- Target Options
Add IO Buffers                     : YES
Global Maximum Fanout              : 500
Add Generic Clock Buffer(BUFG)     : 24
Register Duplication               : YES
Slice Packing                      : YES
Optimize Instantiated Primitives   : NO
Use Clock Enable                   : Yes
Use Synchronous Set                : Yes
Use Synchronous Reset              : Yes
Pack IO Registers into IOBs        : Auto
Equivalent register Removal        : YES

---- General Options
Optimization Goal                  : Speed
Optimization Effort                : 1
Keep Hierarchy                     : No
Netlist Hierarchy                  : As_Optimized
RTL Output                         : Yes
Global Optimization                : AllClockNets
Read Cores                         : YES
Write Timing Constraints           : NO
Cross Clock Analysis               : NO
Hierarchy Separator                : /
Bus Delimiter                      : <>
Case Specifier                     : Maintain
Slice Utilization Ratio            : 100
BRAM Utilization Ratio             : 100
Verilog 2001                       : YES
Auto BRAM Packing                  : NO
Slice Utilization Ratio Delta      : 5

=========================================================================


=========================================================================
*                          HDL Compilation                              *
=========================================================================
Compiling vhdl file "D:/Digit 2/JKszamalalo/JKszamlalo/dekodolo.vhd" in Library work.
Architecture behavioral of Entity dekodolo is up to date.
Compiling vhdl file "D:/Digit 2/JKszamalalo/JKszamlalo/Orajel.vhd" in Library work.
Architecture behavioral of Entity orajel is up to date.
Compiling verilog file "JKszamlalo.vf" in library work
Module <FJKC_MXILINX_JKszamlalo> compiled
Module <JKszamlalo> compiled
No errors in compilation
Analysis of file <"JKszamlalo.prj"> succeeded.
 

=========================================================================
*                     Design Hierarchy Analysis                         *
=========================================================================
Analyzing hierarchy for module <JKszamlalo> in library <work>.

Analyzing hierarchy for entity <orajel> in library <work> (architecture <behavioral>).

Analyzing hierarchy for entity <dekodolo> in library <work> (architecture <behavioral>).

Analyzing hierarchy for module <FJKC_MXILINX_JKszamlalo> in library <work> with parameters.
	INIT = "0"

Analyzing hierarchy for module <FJKC_MXILINX_JKszamlalo> in library <work> with parameters.
	INIT = "0"


=========================================================================
*                            HDL Analysis                               *
=========================================================================
Analyzing top module <JKszamlalo>.
Module <JKszamlalo> is correct for synthesis.
 
    Set user-defined property "HU_SET =  XLXI_3_0" for instance <XLXI_3> in unit <JKszamlalo>.
    Set user-defined property "HU_SET =  XLXI_4_1" for instance <XLXI_4> in unit <JKszamlalo>.
Analyzing Entity <orajel> in library <work> (Architecture <behavioral>).
Entity <orajel> analyzed. Unit <orajel> generated.

Analyzing Entity <dekodolo> in library <work> (Architecture <behavioral>).
INFO:Xst:1561 - "D:/Digit 2/JKszamalalo/JKszamlalo/dekodolo.vhd" line 65: Mux is complete : default of case is discarded
Entity <dekodolo> analyzed. Unit <dekodolo> generated.

Analyzing module <FJKC_MXILINX_JKszamlalo.1> in library <work>.
	INIT = 1'b0
Module <FJKC_MXILINX_JKszamlalo.1> is correct for synthesis.
 
    Set user-defined property "INIT =  0" for instance <I_36_32> in unit <FJKC_MXILINX_JKszamlalo.1>.
    Set user-defined property "RLOC =  X0Y0" for instance <I_36_32> in unit <FJKC_MXILINX_JKszamlalo.1>.
Analyzing module <FJKC_MXILINX_JKszamlalo.2> in library <work>.
	INIT = 1'b0
Module <FJKC_MXILINX_JKszamlalo.2> is correct for synthesis.
 
    Set user-defined property "INIT =  0" for instance <I_36_32> in unit <FJKC_MXILINX_JKszamlalo.2>.
    Set user-defined property "RLOC =  X0Y0" for instance <I_36_32> in unit <FJKC_MXILINX_JKszamlalo.2>.

=========================================================================
*                           HDL Synthesis                               *
=========================================================================

Performing bidirectional port resolution...

Synthesizing Unit <orajel>.
    Related source file is "D:/Digit 2/JKszamalalo/JKszamlalo/Orajel.vhd".
    Found 1-bit register for signal <clk_bit>.
    Found 25-bit up counter for signal <clk_cnt>.
    Summary:
	inferred   1 Counter(s).
	inferred   1 D-type flip-flop(s).
Unit <orajel> synthesized.


Synthesizing Unit <dekodolo>.
    Related source file is "D:/Digit 2/JKszamalalo/JKszamlalo/dekodolo.vhd".
    Found 16x8-bit ROM for signal <szegm>.
    Summary:
	inferred   1 ROM(s).
Unit <dekodolo> synthesized.


Synthesizing Unit <FJKC_MXILINX_JKszamlalo_1>.
    Related source file is "JKszamlalo.vf".
Unit <FJKC_MXILINX_JKszamlalo_1> synthesized.


Synthesizing Unit <FJKC_MXILINX_JKszamlalo_2>.
    Related source file is "JKszamlalo.vf".
Unit <FJKC_MXILINX_JKszamlalo_2> synthesized.


Synthesizing Unit <JKszamlalo>.
    Related source file is "JKszamlalo.vf".
Unit <JKszamlalo> synthesized.


=========================================================================
HDL Synthesis Report

Macro Statistics
# ROMs                                                 : 1
 16x8-bit ROM                                          : 1
# Counters                                             : 1
 25-bit up counter                                     : 1
# Registers                                            : 1
 1-bit register                                        : 1

=========================================================================

=========================================================================
*                       Advanced HDL Synthesis                          *
=========================================================================


=========================================================================
Advanced HDL Synthesis Report

Macro Statistics
# ROMs                                                 : 1
 16x8-bit ROM                                          : 1
# Counters                                             : 1
 25-bit up counter                                     : 1
# Registers                                            : 3
 Flip-Flops                                            : 3

=========================================================================

=========================================================================
*                         Low Level Synthesis                           *
=========================================================================

Optimizing unit <JKszamlalo> ...

Optimizing unit <FJKC_MXILINX_JKszamlalo_1> ...

Optimizing unit <FJKC_MXILINX_JKszamlalo_2> ...

Mapping all equations...
Building and optimizing final netlist ...
Found area constraint ratio of 100 (+ 5) on block JKszamlalo, actual ratio is 3.

Final Macro Processing ...

=========================================================================
Final Register Report

Macro Statistics
# Registers                                            : 28
 Flip-Flops                                            : 28

=========================================================================

=========================================================================
*                           Partition Report                            *
=========================================================================

Partition Implementation Status
-------------------------------

  No Partitions were found in this design.

-------------------------------

=========================================================================
*                            Final Report                               *
=========================================================================
Final Results
RTL Top Level Output File Name     : JKszamlalo.ngr
Top Level Output File Name         : JKszamlalo
Output Format                      : NGC
Optimization Goal                  : Speed
Keep Hierarchy                     : No

Design Statistics
# IOs                              : 10

Cell Usage :
# BELS                             : 129
#      AND2B1                      : 2
#      AND3B1                      : 2
#      AND3B2                      : 2
#      GND                         : 1
#      INV                         : 4
#      LUT1                        : 24
#      LUT2                        : 28
#      LUT4                        : 6
#      MUXCY                       : 31
#      OR3                         : 2
#      VCC                         : 1
#      XOR2                        : 1
#      XORCY                       : 25
# FlipFlops/Latches                : 28
#      FDC                         : 27
#      FDCE                        : 1
# Clock Buffers                    : 1
#      BUFGP                       : 1
# IO Buffers                       : 9
#      IBUF                        : 1
#      OBUF                        : 8
=========================================================================

Device utilization summary:
---------------------------

Selected Device : 3s100ecp132-5 

 Number of Slices:                       35  out of    960     3%  
 Number of Slice Flip Flops:             28  out of   1920     1%  
 Number of 4 input LUTs:                 62  out of   1920     3%  
 Number of IOs:                          10
 Number of bonded IOBs:                  10  out of     83    12%  
 Number of GCLKs:                         1  out of     24     4%  

---------------------------
Partition Resource Summary:
---------------------------

  No Partitions were found in this design.

---------------------------


=========================================================================
TIMING REPORT

NOTE: THESE TIMING NUMBERS ARE ONLY A SYNTHESIS ESTIMATE.
      FOR ACCURATE TIMING INFORMATION PLEASE REFER TO THE TRACE REPORT
      GENERATED AFTER PLACE-and-ROUTE.

Clock Information:
------------------
-----------------------------------+------------------------+-------+
Clock Signal                       | Clock buffer(FF name)  | Load  |
-----------------------------------+------------------------+-------+
MCLK                               | BUFGP                  | 26    |
XLXI_1/clk_bit                     | NONE(XLXI_3/I_36_32)   | 2     |
-----------------------------------+------------------------+-------+
INFO:Xst:2169 - HDL ADVISOR - Some clock signals were not automatically buffered by XST with BUFG/BUFR resources. Please use the buffer_type constraint in order to insert these buffers to the clock signals to help prevent skew problems.

Asynchronous Control Signals Information:
----------------------------------------
-----------------------------------+------------------------+-------+
Control Signal                     | Buffer(FF name)        | Load  |
-----------------------------------+------------------------+-------+
szegm_6_OBUF(XLXI_10:G)            | NONE(XLXI_1/clk_bit)   | 28    |
-----------------------------------+------------------------+-------+

Timing Summary:
---------------
Speed Grade: -5

   Minimum period: 5.200ns (Maximum Frequency: 192.309MHz)
   Minimum input arrival time before clock: 4.850ns
   Maximum output required time after clock: 5.429ns
   Maximum combinational path delay: No path found

Timing Detail:
--------------
All values displayed in nanoseconds (ns)

=========================================================================
Timing constraint: Default period analysis for Clock 'MCLK'
  Clock period: 5.200ns (frequency: 192.309MHz)
  Total number of paths / destination ports: 976 / 27
-------------------------------------------------------------------------
Delay:               5.200ns (Levels of Logic = 26)
  Source:            XLXI_1/clk_cnt_1 (FF)
  Destination:       XLXI_1/clk_cnt_24 (FF)
  Source Clock:      MCLK rising
  Destination Clock: MCLK rising

  Data Path: XLXI_1/clk_cnt_1 to XLXI_1/clk_cnt_24
                                Gate     Net
    Cell:in->out      fanout   Delay   Delay  Logical Name (Net Name)
    ----------------------------------------  ------------
     FDC:C->Q              2   0.514   0.532  XLXI_1/clk_cnt_1 (XLXI_1/clk_cnt_1)
     LUT1:I0->O            1   0.612   0.000  XLXI_1/Mcount_clk_cnt_cy<1>_rt (XLXI_1/Mcount_clk_cnt_cy<1>_rt)
     MUXCY:S->O            1   0.404   0.000  XLXI_1/Mcount_clk_cnt_cy<1> (XLXI_1/Mcount_clk_cnt_cy<1>)
     MUXCY:CI->O           1   0.052   0.000  XLXI_1/Mcount_clk_cnt_cy<2> (XLXI_1/Mcount_clk_cnt_cy<2>)
     MUXCY:CI->O           1   0.052   0.000  XLXI_1/Mcount_clk_cnt_cy<3> (XLXI_1/Mcount_clk_cnt_cy<3>)
     MUXCY:CI->O           1   0.052   0.000  XLXI_1/Mcount_clk_cnt_cy<4> (XLXI_1/Mcount_clk_cnt_cy<4>)
     MUXCY:CI->O           1   0.052   0.000  XLXI_1/Mcount_clk_cnt_cy<5> (XLXI_1/Mcount_clk_cnt_cy<5>)
     MUXCY:CI->O           1   0.052   0.000  XLXI_1/Mcount_clk_cnt_cy<6> (XLXI_1/Mcount_clk_cnt_cy<6>)
     MUXCY:CI->O           1   0.052   0.000  XLXI_1/Mcount_clk_cnt_cy<7> (XLXI_1/Mcount_clk_cnt_cy<7>)
     MUXCY:CI->O           1   0.052   0.000  XLXI_1/Mcount_clk_cnt_cy<8> (XLXI_1/Mcount_clk_cnt_cy<8>)
     MUXCY:CI->O           1   0.052   0.000  XLXI_1/Mcount_clk_cnt_cy<9> (XLXI_1/Mcount_clk_cnt_cy<9>)
     MUXCY:CI->O           1   0.052   0.000  XLXI_1/Mcount_clk_cnt_cy<10> (XLXI_1/Mcount_clk_cnt_cy<10>)
     MUXCY:CI->O           1   0.052   0.000  XLXI_1/Mcount_clk_cnt_cy<11> (XLXI_1/Mcount_clk_cnt_cy<11>)
     MUXCY:CI->O           1   0.052   0.000  XLXI_1/Mcount_clk_cnt_cy<12> (XLXI_1/Mcount_clk_cnt_cy<12>)
     MUXCY:CI->O           1   0.052   0.000  XLXI_1/Mcount_clk_cnt_cy<13> (XLXI_1/Mcount_clk_cnt_cy<13>)
     MUXCY:CI->O           1   0.052   0.000  XLXI_1/Mcount_clk_cnt_cy<14> (XLXI_1/Mcount_clk_cnt_cy<14>)
     MUXCY:CI->O           1   0.052   0.000  XLXI_1/Mcount_clk_cnt_cy<15> (XLXI_1/Mcount_clk_cnt_cy<15>)
     MUXCY:CI->O           1   0.052   0.000  XLXI_1/Mcount_clk_cnt_cy<16> (XLXI_1/Mcount_clk_cnt_cy<16>)
     MUXCY:CI->O           1   0.052   0.000  XLXI_1/Mcount_clk_cnt_cy<17> (XLXI_1/Mcount_clk_cnt_cy<17>)
     MUXCY:CI->O           1   0.052   0.000  XLXI_1/Mcount_clk_cnt_cy<18> (XLXI_1/Mcount_clk_cnt_cy<18>)
     MUXCY:CI->O           1   0.052   0.000  XLXI_1/Mcount_clk_cnt_cy<19> (XLXI_1/Mcount_clk_cnt_cy<19>)
     MUXCY:CI->O           1   0.052   0.000  XLXI_1/Mcount_clk_cnt_cy<20> (XLXI_1/Mcount_clk_cnt_cy<20>)
     MUXCY:CI->O           1   0.052   0.000  XLXI_1/Mcount_clk_cnt_cy<21> (XLXI_1/Mcount_clk_cnt_cy<21>)
     MUXCY:CI->O           1   0.052   0.000  XLXI_1/Mcount_clk_cnt_cy<22> (XLXI_1/Mcount_clk_cnt_cy<22>)
     MUXCY:CI->O           0   0.052   0.000  XLXI_1/Mcount_clk_cnt_cy<23> (XLXI_1/Mcount_clk_cnt_cy<23>)
     XORCY:CI->O           1   0.699   0.426  XLXI_1/Mcount_clk_cnt_xor<24> (Result<24>)
     LUT2:I1->O            1   0.612   0.000  XLXI_1/Mcount_clk_cnt_eqn_241 (XLXI_1/Mcount_clk_cnt_eqn_24)
     FDC:D                     0.268          XLXI_1/clk_cnt_24
    ----------------------------------------
    Total                      5.200ns (4.242ns logic, 0.958ns route)
                                       (81.6% logic, 18.4% route)

=========================================================================
Timing constraint: Default period analysis for Clock 'XLXI_1/clk_bit'
  Clock period: 4.502ns (frequency: 222.101MHz)
  Total number of paths / destination ports: 10 / 2
-------------------------------------------------------------------------
Delay:               4.502ns (Levels of Logic = 4)
  Source:            XLXI_3/I_36_32 (FF)
  Destination:       XLXI_4/I_36_32 (FF)
  Source Clock:      XLXI_1/clk_bit rising
  Destination Clock: XLXI_1/clk_bit rising

  Data Path: XLXI_3/I_36_32 to XLXI_4/I_36_32
                                Gate     Net
    Cell:in->out      fanout   Delay   Delay  Logical Name (Net Name)
    ----------------------------------------  ------------
     FDC:C->Q              7   0.514   0.602  I_36_32 (Q)
     end scope: 'XLXI_3'
     XOR2:I0->O            6   0.612   0.569  XLXI_8 (XLXN_13)
     begin scope: 'XLXI_4'
     AND3B2:I0->O          1   0.612   0.357  I_36_37 (A0)
     OR3:I2->O             1   0.612   0.357  I_36_41 (AD)
     FDC:D                     0.268          I_36_32
    ----------------------------------------
    Total                      4.502ns (2.618ns logic, 1.884ns route)
                                       (58.1% logic, 41.9% route)

=========================================================================
Timing constraint: Default OFFSET IN BEFORE for Clock 'XLXI_1/clk_bit'
  Total number of paths / destination ports: 6 / 1
-------------------------------------------------------------------------
Offset:              4.850ns (Levels of Logic = 5)
  Source:            a (PAD)
  Destination:       XLXI_4/I_36_32 (FF)
  Destination Clock: XLXI_1/clk_bit rising

  Data Path: a to XLXI_4/I_36_32
                                Gate     Net
    Cell:in->out      fanout   Delay   Delay  Logical Name (Net Name)
    ----------------------------------------  ------------
     IBUF:I->O             1   1.106   0.357  a_IBUF (a_IBUF)
     XOR2:I1->O            6   0.612   0.569  XLXI_8 (XLXN_13)
     begin scope: 'XLXI_4'
     AND3B2:I0->O          1   0.612   0.357  I_36_37 (A0)
     OR3:I2->O             1   0.612   0.357  I_36_41 (AD)
     FDC:D                     0.268          I_36_32
    ----------------------------------------
    Total                      4.850ns (3.210ns logic, 1.640ns route)
                                       (66.2% logic, 33.8% route)

=========================================================================
Timing constraint: Default OFFSET OUT AFTER for Clock 'XLXI_1/clk_bit'
  Total number of paths / destination ports: 10 / 6
-------------------------------------------------------------------------
Offset:              5.429ns (Levels of Logic = 3)
  Source:            XLXI_3/I_36_32 (FF)
  Destination:       szegm<7> (PAD)
  Source Clock:      XLXI_1/clk_bit rising

  Data Path: XLXI_3/I_36_32 to szegm<7>
                                Gate     Net
    Cell:in->out      fanout   Delay   Delay  Logical Name (Net Name)
    ----------------------------------------  ------------
     FDC:C->Q              7   0.514   0.754  I_36_32 (Q)
     end scope: 'XLXI_3'
     LUT2:I0->O            2   0.612   0.380  szegm<7>1 (szegm_7_OBUF)
     OBUF:I->O                 3.169          szegm_7_OBUF (szegm<7>)
    ----------------------------------------
    Total                      5.429ns (4.295ns logic, 1.134ns route)
                                       (79.1% logic, 20.9% route)

=========================================================================


Total REAL time to Xst completion: 5.00 secs
Total CPU time to Xst completion: 5.78 secs
 
--> 

Total memory usage is 4534492 kilobytes

Number of errors   :    0 (   0 filtered)
Number of warnings :    0 (   0 filtered)
Number of infos    :    2 (   0 filtered)

